<?xml version="1.0" encoding="UTF-8"?>
<!-- Generated by org.testng.reporters.JUnitReportReporter -->
<testsuite skipped="0" hostname="LAPTOP-0MN3989B" name="com.selenium.extent.Login" tests="1" failures="0" timestamp="2020-01-07T16:42:21 IST" time="100.108" errors="0">
  <testcase name="loginTest" time="100.108" classname="com.selenium.extent.Login"/>
</testsuite> <!-- com.selenium.extent.Login -->
